2026-02-24 09:46:33,441 - INFO - SERVER STARTED SUCCESSFULLY
2026-02-24 09:46:35,547 - INFO - SERVER STARTED SUCCESSFULLY
2026-02-24 09:47:57,894 - INFO - User created successfully email=ibrahim.id-wahman.06@edu.uiz.ac.ma
2026-02-24 09:48:57,062 - INFO - SERVER STARTED SUCCESSFULLY
2026-02-24 09:49:06,382 - INFO - SERVER STARTED SUCCESSFULLY
2026-02-24 09:50:12,808 - INFO - SERVER STARTED SUCCESSFULLY
2026-02-24 09:54:23,625 - INFO - SERVER STARTED SUCCESSFULLY
2026-02-24 09:54:25,265 - INFO - SERVER STARTED SUCCESSFULLY
2026-02-24 09:55:11,764 - INFO - SERVER STARTED SUCCESSFULLY
2026-02-24 09:55:51,538 - INFO - SERVER STARTED SUCCESSFULLY
2026-03-10 12:56:47,541 - INFO - SERVER STARTED SUCCESSFULLY
2026-03-10 12:56:49,500 - INFO - SERVER STARTED SUCCESSFULLY
2026-03-10 15:26:19,902 - INFO - SERVER STARTED SUCCESSFULLY
2026-03-10 16:56:41,054 - INFO - User created successfully email=zd@gmaid
2026-03-10 16:57:26,409 - INFO - SERVER STARTED SUCCESSFULLY
2026-03-10 17:01:25,764 - INFO - SERVER STARTED SUCCESSFULLY
2026-03-10 17:01:27,478 - INFO - SERVER STARTED SUCCESSFULLY
2026-03-10 17:01:39,330 - INFO - User created successfully email=eldoradogpt2025@gmail.com
2026-03-10 17:02:01,035 - INFO - SERVER STARTED SUCCESSFULLY
2026-03-10 17:02:09,866 - INFO - SERVER STARTED SUCCESSFULLY
2026-03-10 17:02:13,381 - INFO - SERVER STARTED SUCCESSFULLY
2026-03-10 17:03:12,584 - INFO - SERVER STARTED SUCCESSFULLY
2026-03-10 17:03:16,425 - INFO - SERVER STARTED SUCCESSFULLY
2026-03-10 17:03:56,445 - INFO - User created successfully email=azdazd@azdadz
2026-03-10 17:05:29,506 - INFO - User created successfully email=1234@g

2026-03-10 17:27:47,330 - INFO - SERVER STARTED SUCCESSFULLY
2026-03-10 17:28:17,743 - INFO - SERVER STARTED SUCCESSFULLY
2026-03-10 17:28:23,102 - INFO - SERVER STARTED SUCCESSFULLY
2026-03-10 17:28:56,423 - INFO - User created successfully email=ibrahim@gmail.com
2026-03-10 17:31:39,761 - INFO - SERVER STARTED SUCCESSFULLY
2026-03-10 17:32:48,776 - INFO - SERVER STARTED SUCCESSFULLY
2026-03-10 17:33:33,759 - INFO - User created successfully email=0672405706@gmail.com
2026-03-10 17:35:06,658 - INFO - SERVER STARTED SUCCESSFULLY
2026-03-10 17:36:55,150 - INFO - User created successfully email=0000@gmail.com
2026-03-10 17:46:08,747 - INFO - SERVER STARTED SUCCESSFULLY
2026-03-10 17:46:10,596 - INFO - SERVER STARTED SUCCESSFULLY
2026-03-10 17:46:34,060 - INFO - User created successfully email=eldoradogpt2025@gmail.com
2026-03-10 17:48:15,801 - INFO - SERVER STARTED SUCCESSFULLY
2026-03-10 17:48:17,576 - INFO - SERVER STARTED SUCCESSFULLY
2026-03-10 17:48:48,507 - INFO - SERVER STARTED SUCCESSFULLY
2026-03-10 18:37:20,100 - INFO - SERVER STARTED SUCCESSFULLY
2026-03-10 18:37:21,642 - INFO - SERVER STARTED SUCCESSFULLY
2026-03-10 18:38:08,603 - INFO - SERVER STARTED SUCCESSFULLY
2026-03-10 18:38:25,931 - INFO - SERVER STARTED SUCCESSFULLY
2026-03-12 21:48:08,357 - INFO - SERVER STARTED SUCCESSFULLY
2026-03-12 21:48:10,617 - INFO - SERVER STARTED SUCCESSFULLY
2026-03-12 21:48:45,697 - INFO - User created successfully email=ibrahim.id-wahman.06@edu.uiz.ac.ma
2026-03-12 22:04:18,686 - INFO - SERVER STARTED SUCCESSFULLY
2026-03-12 22:04:22,607 - INFO - SERVER STARTED SUCCESSFULLY
2026-03-12 22:04:29,731 - INFO - SERVER STARTED SUCCESSFULLY
2026-03-12 22:04:46,729 - INFO - SERVER STARTED SUCCESSFULLY
2026-03-12 22:04:59,014 - INFO - SERVER STARTED SUCCESSFULLY
2026-03-12 22:05:05,539 - INFO - SERVER STARTED SUCCESSFULLY
2026-03-12 22:08:59,098 - INFO - SERVER STARTED SUCCESSFULLY
2026-03-12 22:17:03,511 - INFO - SERVER STARTED SUCCESSFULLY
2026-03-12 22:17:06,473 - INFO - SERVER STARTED SUCCESSFULLY
2026-03-12 22:17:30,150 - INFO - SERVER STARTED SUCCESSFULLY
2026-03-12 22:17:32,146 - INFO - SERVER STARTED SUCCESSFULLY
2026-03-12 22:17:42,407 - INFO - User created successfully email=eldoradogpt2025@gmail.com
2026-03-12 22:54:58,083 - INFO - SERVER STARTED SUCCESSFULLY
2026-03-12 22:55:01,435 - INFO - SERVER STARTED SUCCESSFULLY
2026-03-12 22:55:16,857 - INFO - User created successfully email=ibrahim.id-wahman.06@edu.uiz.ac.ma
2026-03-13 00:09:29,339 - INFO - SERVER STARTED SUCCESSFULLY
2026-03-13 00:09:32,076 - INFO - SERVER STARTED SUCCESSFULLY
2026-03-13 00:13:05,552 - INFO - SERVER STARTED SUCCESSFULLY
2026-03-13 01:32:10,455 - INFO - SERVER STARTED SUCCESSFULLY
2026-03-13 01:32:12,937 - INFO - SERVER STARTED SUCCESSFULLY
2026-03-13 01:32:47,728 - INFO - SERVER STARTED SUCCESSFULLY
2026-03-13 01:32:57,056 - INFO - SERVER STARTED SUCCESSFULLY
2026-03-13 01:33:49,697 - INFO - SERVER STARTED SUCCESSFULLY
2026-03-13 01:33:51,524 - INFO - SERVER STARTED SUCCESSFULLY
2026-03-13 01:34:20,190 - INFO - SERVER STARTED SUCCESSFULLY
2026-03-13 01:34:23,890 - INFO - SERVER STARTED SUCCESSFULLY
2026-03-13 01:34:48,554 - INFO - SERVER STARTED SUCCESSFULLY
2026-03-13 01:35:47,489 - INFO - SERVER STARTED SUCCESSFULLY
2026-03-13 01:36:13,617 - INFO - SERVER STARTED SUCCESSFULLY
2026-03-13 01:36:15,612 - INFO - SERVER STARTED SUCCESSFULLY
2026-03-13 01:37:13,074 - INFO - SERVER STARTED SUCCESSFULLY
2026-03-13 01:37:53,764 - INFO - SERVER STARTED SUCCESSFULLY
2026-03-13 01:38:08,301 - INFO - SERVER STARTED SUCCESSFULLY
